app/build/intermediates/manifest_merge_blame_file/debug/manifest-merger-blame-debug-report.txt
1<?xml version="1.0" encoding="utf-8"?>
2<manifest xmlns:android="http://schemas.android.com/apk/res/android"
3    package="com.example.comp3350"
4    android:versionCode="1"
5    android:versionName="1.0" >
6
7    <uses-sdk
8        android:minSdkVersion="19"
8-->src/main/AndroidManifest.xml
9        android:targetSdkVersion="30" />
9-->src/main/AndroidManifest.xml
10
11    <uses-permission android:name="android.permission.READ_EXTERNAL_STORAGE" />
11-->src/main/AndroidManifest.xml:5:5-80
11-->src/main/AndroidManifest.xml:5:22-77
12
13    <application
13-->src/main/AndroidManifest.xml:7:5-28:19
14        android:allowBackup="true"
14-->src/main/AndroidManifest.xml:8:9-35
15        android:appComponentFactory="androidx.core.app.CoreComponentFactory"
15-->[androidx.core:core:1.3.1] AndroidManifest.xml:24:18-86
16        android:debuggable="true"
17        android:icon="@mipmap/ic_launcher"
17-->src/main/AndroidManifest.xml:9:9-43
18        android:label="@string/Thrive"
18-->src/main/AndroidManifest.xml:10:9-39
19        android:roundIcon="@mipmap/ic_launcher_round"
19-->src/main/AndroidManifest.xml:11:9-54
20        android:supportsRtl="true"
20-->src/main/AndroidManifest.xml:12:9-35
21        android:theme="@style/Theme.Comp3350" >
21-->src/main/AndroidManifest.xml:13:9-46
22        <activity android:name="com.comp3350.UI.MainActivity" />
22-->src/main/AndroidManifest.xml:14:9-65
22-->src/main/AndroidManifest.xml:14:19-62
23        <activity android:name="com.comp3350.UI.RegisterActivity" />
23-->src/main/AndroidManifest.xml:15:9-69
23-->src/main/AndroidManifest.xml:15:19-66
24        <activity android:name="com.comp3350.UI.LoginActivity" >
24-->src/main/AndroidManifest.xml:16:9-22:20
24-->src/main/AndroidManifest.xml:16:19-63
25            <intent-filter>
25-->src/main/AndroidManifest.xml:17:13-21:29
26                <action android:name="android.intent.action.MAIN" />
26-->src/main/AndroidManifest.xml:18:17-69
26-->src/main/AndroidManifest.xml:18:25-66
27
28                <category android:name="android.intent.category.LAUNCHER" />
28-->src/main/AndroidManifest.xml:20:17-77
28-->src/main/AndroidManifest.xml:20:27-74
29            </intent-filter>
30        </activity>
31        <activity android:name="com.comp3350.UI.WorkoutSuggestion" />
31-->src/main/AndroidManifest.xml:23:9-70
31-->src/main/AndroidManifest.xml:23:19-67
32        <activity android:name="com.comp3350.UI.ViewPDF" />
32-->src/main/AndroidManifest.xml:24:9-60
32-->src/main/AndroidManifest.xml:24:19-57
33        <activity android:name="com.comp3350.UI.WellnessResult" />
33-->src/main/AndroidManifest.xml:25:9-66
33-->src/main/AndroidManifest.xml:25:19-64
34        <activity android:name="com.comp3350.UI.WellnessCalculator" />
34-->src/main/AndroidManifest.xml:26:9-70
34-->src/main/AndroidManifest.xml:26:19-68
35        <activity android:name="com.comp3350.UI.BloodInformation" />
35-->src/main/AndroidManifest.xml:27:9-68
35-->src/main/AndroidManifest.xml:27:19-66
36    </application>
37
38</manifest>